
Xvnc TigerVNC 1.13.1 - built 2024-04-01 08:26
Copyright (C) 1999-2022 TigerVNC Team and many others (see README.rst)
See https://www.tigervnc.org for information on TigerVNC.
Underlying X server release 12101011


Fri Mar  7 10:52:24 2025
 vncext:      VNC extension running!
 vncext:      Listening for VNC connections on all interface(s), port 5901
 vncext:      created VNC server for screen 0
3NI3X0 New Xtigervnc server 'controlplane:1 (root)' on port 5901 for display :1.
3NI3X0 Use xtigervncviewer -SecurityTypes None controlplane:1 to connect to the VNC server.
/usr/bin/startxfce4: X server already running on display :1
The XKEYBOARD keymap compiler (xkbcomp) reports:
> Warning:          Could not resolve keysym XF86CameraAccessEnable
> Warning:          Could not resolve keysym XF86CameraAccessDisable
> Warning:          Could not resolve keysym XF86CameraAccessToggle
> Warning:          Could not resolve keysym XF86NextElement
> Warning:          Could not resolve keysym XF86PreviousElement
> Warning:          Could not resolve keysym XF86AutopilotEngageToggle
> Warning:          Could not resolve keysym XF86MarkWaypoint
> Warning:          Could not resolve keysym XF86Sos
> Warning:          Could not resolve keysym XF86NavChart
> Warning:          Could not resolve keysym XF86FishingChart
> Warning:          Could not resolve keysym XF86SingleRangeRadar
> Warning:          Could not resolve keysym XF86DualRangeRadar
> Warning:          Could not resolve keysym XF86RadarOverlay
> Warning:          Could not resolve keysym XF86TraditionalSonar
> Warning:          Could not resolve keysym XF86ClearvuSonar
> Warning:          Could not resolve keysym XF86SidevuSonar
> Warning:          Could not resolve keysym XF86NavInfo
Errors from xkbcomp are not fatal to the X server
[mi] mieq: warning: overriding existing handler (nil) with 0x627255cd3580 for event 2
[mi] mieq: warning: overriding existing handler (nil) with 0x627255cd3580 for event 3
error: XDG_RUNTIME_DIR is invalid or not set in the environment.
gpg-agent[30449]: directory '/root/.gnupg' created
gpg-agent[30449]: directory '/root/.gnupg/private-keys-v1.d' created
gpg-agent[30450]: gpg-agent (GnuPG) 2.4.4 started

(xfwm4:30451): xfwm4-WARNING **: 10:52:25.479: Another compositing manager is running on screen 0
Connection failure: Connection refused
pa_context_connect() failed: Connection refused

** (light-locker:30537): ERROR **: 10:52:26.269: session_id is not set, is /proc mounted with hidepid>0?

(polkit-gnome-authentication-agent-1:30544): polkit-gnome-1-WARNING **: 10:52:26.489: Unable to determine the session we are in: No session for pid 30544

** (xiccd:30539): WARNING **: 10:52:26.836: EDID is empty
Xlib:  extension "DPMS" missing on display ":1.0".

(xfce4-power-manager:30579): xfce4-power-manager-WARNING **: 10:52:26.998: Monitor is not DPMS capable
xfce4-panel-Message: 10:52:27.959: Plugin "(null)-7" was not found and has been removed from the configuration

(wrapper-2.0:30645): xfce4-power-manager-plugin-WARNING **: 10:52:30.187: Xfce4-power-manager: The panel plugin is present, so the tray icon gets disabled.
Killing Xtigervnc process ID 30403...
(xfce4-power-manager:30579): libxfce4ui-WARNING **: 10:53:18.013: ICE I/O Error

(xfce4-power-manager:30579): libxfce4ui-WARNING **: 10:53:18.013: Disconnected from session manager.

(xfsettingsd:30505): libxfce4ui-WARNING **: 10:53:18.065: ICE I/O Error

(xfsettingsd:30505): libxfce4ui-WARNING **: 10:53:18.066: Disconnected from session manager.
xfsettingsd: Another instance took over. Leaving...

(Thunar:30520): thunar-WARNING **: 10:53:18.072: Name 'org.xfce.FileManager' lost on the message dbus.

(Thunar:30520): thunar-WARNING **: 10:53:18.072: Name 'org.freedesktop.FileManager1' lost on the message dbus.
Another notification daemon is running, exiting
Another notification daemon is running, exiting

** (xfce4-power-manager:30579): WARNING **: 10:53:18.079: Error: The connection is closed


** (xfce4-power-manager:30579): WARNING **: 10:53:18.079: Error: The connection is closed


** (xiccd:30539): WARNING **: 10:53:18.096: Exiting

Fri Mar  7 10:53:18 2025
 ComparingUpdateTracker: 0 pixels in / 0 pixels out
 ComparingUpdateTracker: (1:-nan ratio)
XIO:  fatal IO error 25 (Inappropriate ioctl for device) on X server ":1.0"
      after 25 requests (25 known processed) with 0 events remaining.
 success!

Xvnc TigerVNC 1.13.1 - built 2024-04-01 08:26
Copyright (C) 1999-2022 TigerVNC Team and many others (see README.rst)
See https://www.tigervnc.org for information on TigerVNC.
Underlying X server release 12101011


Thu Mar 20 19:01:47 2025
 vncext:      VNC extension running!
 vncext:      Listening for VNC connections on all interface(s), port 5901
 vncext:      created VNC server for screen 0
The XKEYBOARD keymap compiler (xkbcomp) reports:
> Warning:          Could not resolve keysym XF86CameraAccessEnable
> Warning:          Could not resolve keysym XF86CameraAccessDisable
> Warning:          Could not resolve keysym XF86CameraAccessToggle
> Warning:          Could not resolve keysym XF86NextElement
> Warning:          Could not resolve keysym XF86PreviousElement
> Warning:          Could not resolve keysym XF86AutopilotEngageToggle
> Warning:          Could not resolve keysym XF86MarkWaypoint
> Warning:          Could not resolve keysym XF86Sos
> Warning:          Could not resolve keysym XF86NavChart
> Warning:          Could not resolve keysym XF86FishingChart
> Warning:          Could not resolve keysym XF86SingleRangeRadar
> Warning:          Could not resolve keysym XF86DualRangeRadar
> Warning:          Could not resolve keysym XF86RadarOverlay
> Warning:          Could not resolve keysym XF86TraditionalSonar
> Warning:          Could not resolve keysym XF86ClearvuSonar
> Warning:          Could not resolve keysym XF86SidevuSonar
> Warning:          Could not resolve keysym XF86NavInfo
Errors from xkbcomp are not fatal to the X server
[mi] mieq: warning: overriding existing handler (nil) with 0x55709bd9b580 for event 2
[mi] mieq: warning: overriding existing handler (nil) with 0x55709bd9b580 for event 3
3NI3X0 New Xtigervnc server 'controlplane:1 (root)' on port 5901 for display :1.
3NI3X0 Use xtigervncviewer -SecurityTypes None controlplane:1 to connect to the VNC server.
/usr/bin/startxfce4: X server already running on display :1
error: XDG_RUNTIME_DIR is invalid or not set in the environment.
error: XDG_RUNTIME_DIR is invalid or not set in the environment.

(xfwm4:1940): xfwm4-WARNING **: 19:01:47.949: Unsupported GL renderer (llvmpipe (LLVM 19.1.1, 256 bits)).
Connection failure: Connection refused
pa_context_connect() failed: Connection refused

** (xiccd:1989): WARNING **: 19:01:48.892: EDID is empty

** (light-locker:1985): ERROR **: 19:01:48.952: session_id is not set, is /proc mounted with hidepid>0?

** (xiccd:1989): CRITICAL **: 19:01:49.046: device 'xrandr-default' does not exist

(polkit-gnome-authentication-agent-1:2000): polkit-gnome-1-WARNING **: 19:01:49.054: Unable to determine the session we are in: No session for pid 2000
Xlib:  extension "DPMS" missing on display ":1.0".

(xfce4-power-manager:2023): xfce4-power-manager-WARNING **: 19:01:49.319: Monitor is not DPMS capable
Killing Xtigervnc process ID 1885...
(xfce4-panel:1967): libxfce4ui-WARNING **: 19:48:10.231: ICE I/O Error

(xfce4-panel:1967): libxfce4ui-WARNING **: 19:48:10.241: Disconnected from session manager.

(xfce4-panel:1967): xfce4-panel-CRITICAL **: 19:48:10.241: Name org.xfce.Panel lost on the message dbus, exiting.

(xfce4-power-manager:2023): libxfce4ui-WARNING **: 19:48:10.232: ICE I/O Error

(xfce4-power-manager:2023): libxfce4ui-WARNING **: 19:48:10.242: Disconnected from session manager.

(xfsettingsd:1960): libxfce4ui-WARNING **: 19:48:10.236: ICE I/O Error

(xfsettingsd:1960): libxfce4ui-WARNING **: 19:48:10.247: Disconnected from session manager.
xfsettingsd: Another instance took over. Leaving...

(Thunar:1972): thunar-WARNING **: 19:48:10.241: Name 'org.xfce.FileManager' lost on the message dbus.

(Thunar:1972): thunar-WARNING **: 19:48:10.249: Name 'org.freedesktop.FileManager1' lost on the message dbus.

** (xiccd:1989): WARNING **: 19:48:10.256: Exiting
Another notification daemon is running, exiting
Another notification daemon is running, exiting

** (xfce4-power-manager:2023): WARNING **: 19:48:10.284: Error: The connection is closed


** (xfce4-power-manager:2023): WARNING **: 19:48:10.284: Error: The connection is closed

XIO:  fatal IO error 25 (Inappropriate ioctl for device) on X server ":1.0"
      after 25 requests (25 known processed) with 0 events remaining.

Thu Mar 20 19:48:10 2025
 ComparingUpdateTracker: 0 pixels in / 0 pixels out
 ComparingUpdateTracker: (1:-nan ratio)
 success!
